{
"/home/knoldus/Desktop/AngularJs_2/coins/coins/src/app/app.component.js":{"path":"/home/knoldus/Desktop/AngularJs_2/coins/coins/src/app/app.component.js","s":{"1":1,"2":1,"3":1,"4":0,"5":1,"6":2,"7":2,"8":1,"9":1,"10":1,"11":1,"12":1,"13":1,"14":1,"15":2,"16":1,"17":1,"18":1,"19":1,"20":1,"21":0,"22":1,"23":0,"24":0,"25":0,"26":0,"27":0,"28":0,"29":0,"30":0,"31":0,"32":0,"33":1,"34":1,"35":1,"36":1,"37":7,"38":7,"39":7,"40":1,"41":1,"42":1,"43":1},"b":{"1":[1,1,1],"2":[1,0],"3":[0,0],"4":[0,1],"5":[1,1],"6":[2,0],"7":[2,1],"8":[2,0],"9":[0,0],"10":[1,0,0],"11":[1,1,1],"12":[1,0],"13":[1,1],"14":[0,0],"15":[0,0],"16":[0,0]},"f":{"1":1,"2":1,"3":1,"4":1,"5":0,"6":0,"7":1},"fnMap":{"1":{"name":"(anonymous_1)","line":2,"loc":{"start":{"line":2,"column":46},"end":{"line":2,"column":87}}},"2":{"name":"(anonymous_2)","line":8,"loc":{"start":{"line":8,"column":46},"end":{"line":8,"column":62}}},"3":{"name":"(anonymous_3)","line":13,"loc":{"start":{"line":13,"column":20},"end":{"line":13,"column":32}}},"4":{"name":"AppComponent","line":14,"loc":{"start":{"line":14,"column":4},"end":{"line":14,"column":40}}},"5":{"name":"(anonymous_5)","line":24,"loc":{"start":{"line":24,"column":38},"end":{"line":24,"column":50}}},"6":{"name":"(anonymous_6)","line":30,"loc":{"start":{"line":30,"column":39},"end":{"line":30,"column":57}}},"7":{"name":"(anonymous_7)","line":47,"loc":{"start":{"line":47,"column":47},"end":{"line":47,"column":65}}}},"statementMap":{"1":{"start":{"line":2,"column":0},"end":{"line":7,"column":2}},"2":{"start":{"line":3,"column":4},"end":{"line":3,"column":129}},"3":{"start":{"line":4,"column":4},"end":{"line":5,"column":150}},"4":{"start":{"line":4,"column":79},"end":{"line":4,"column":131}},"5":{"start":{"line":5,"column":9},"end":{"line":5,"column":150}},"6":{"start":{"line":5,"column":58},"end":{"line":5,"column":150}},"7":{"start":{"line":5,"column":81},"end":{"line":5,"column":150}},"8":{"start":{"line":6,"column":4},"end":{"line":6,"column":66}},"9":{"start":{"line":8,"column":0},"end":{"line":10,"column":2}},"10":{"start":{"line":9,"column":4},"end":{"line":9,"column":109}},"11":{"start":{"line":9,"column":79},"end":{"line":9,"column":109}},"12":{"start":{"line":11,"column":0},"end":{"line":11,"column":38}},"13":{"start":{"line":12,"column":0},"end":{"line":12,"column":40}},"14":{"start":{"line":13,"column":0},"end":{"line":59,"column":5}},"15":{"start":{"line":14,"column":4},"end":{"line":22,"column":5}},"16":{"start":{"line":15,"column":8},"end":{"line":15,"column":41}},"17":{"start":{"line":17,"column":8},"end":{"line":17,"column":50}},"18":{"start":{"line":19,"column":8},"end":{"line":19,"column":31}},"19":{"start":{"line":21,"column":8},"end":{"line":21,"column":73}},"20":{"start":{"line":24,"column":4},"end":{"line":28,"column":6}},"21":{"start":{"line":25,"column":8},"end":{"line":27,"column":11}},"22":{"start":{"line":30,"column":4},"end":{"line":45,"column":6}},"23":{"start":{"line":31,"column":8},"end":{"line":44,"column":9}},"24":{"start":{"line":32,"column":12},"end":{"line":32,"column":52}},"25":{"start":{"line":33,"column":12},"end":{"line":33,"column":51}},"26":{"start":{"line":34,"column":12},"end":{"line":34,"column":32}},"27":{"start":{"line":35,"column":12},"end":{"line":42,"column":13}},"28":{"start":{"line":36,"column":16},"end":{"line":36,"column":51}},"29":{"start":{"line":39,"column":16},"end":{"line":39,"column":56}},"30":{"start":{"line":40,"column":16},"end":{"line":40,"column":55}},"31":{"start":{"line":41,"column":16},"end":{"line":41,"column":41}},"32":{"start":{"line":43,"column":12},"end":{"line":43,"column":63}},"33":{"start":{"line":47,"column":4},"end":{"line":56,"column":6}},"34":{"start":{"line":48,"column":8},"end":{"line":48,"column":25}},"35":{"start":{"line":49,"column":8},"end":{"line":49,"column":17}},"36":{"start":{"line":50,"column":8},"end":{"line":54,"column":9}},"37":{"start":{"line":51,"column":12},"end":{"line":51,"column":54}},"38":{"start":{"line":52,"column":12},"end":{"line":52,"column":44}},"39":{"start":{"line":53,"column":12},"end":{"line":53,"column":30}},"40":{"start":{"line":55,"column":8},"end":{"line":55,"column":23}},"41":{"start":{"line":58,"column":4},"end":{"line":58,"column":24}},"42":{"start":{"line":60,"column":0},"end":{"line":68,"column":17}},"43":{"start":{"line":69,"column":0},"end":{"line":69,"column":36}}},"branchMap":{"1":{"line":2,"type":"binary-expr","locations":[{"start":{"line":2,"column":18},"end":{"line":2,"column":22}},{"start":{"line":2,"column":26},"end":{"line":2,"column":41}},{"start":{"line":2,"column":46},"end":{"line":7,"column":1}}]},"2":{"line":3,"type":"cond-expr","locations":[{"start":{"line":3,"column":42},"end":{"line":3,"column":48}},{"start":{"line":3,"column":51},"end":{"line":3,"column":125}}]},"3":{"line":3,"type":"cond-expr","locations":[{"start":{"line":3,"column":67},"end":{"line":3,"column":118}},{"start":{"line":3,"column":121},"end":{"line":3,"column":125}}]},"4":{"line":4,"type":"if","locations":[{"start":{"line":4,"column":4},"end":{"line":4,"column":4}},{"start":{"line":4,"column":4},"end":{"line":4,"column":4}}]},"5":{"line":4,"type":"binary-expr","locations":[{"start":{"line":4,"column":8},"end":{"line":4,"column":35}},{"start":{"line":4,"column":39},"end":{"line":4,"column":77}}]},"6":{"line":5,"type":"if","locations":[{"start":{"line":5,"column":58},"end":{"line":5,"column":58}},{"start":{"line":5,"column":58},"end":{"line":5,"column":58}}]},"7":{"line":5,"type":"binary-expr","locations":[{"start":{"line":5,"column":86},"end":{"line":5,"column":143}},{"start":{"line":5,"column":148},"end":{"line":5,"column":149}}]},"8":{"line":5,"type":"cond-expr","locations":[{"start":{"line":5,"column":94},"end":{"line":5,"column":98}},{"start":{"line":5,"column":101},"end":{"line":5,"column":143}}]},"9":{"line":5,"type":"cond-expr","locations":[{"start":{"line":5,"column":109},"end":{"line":5,"column":126}},{"start":{"line":5,"column":129},"end":{"line":5,"column":143}}]},"10":{"line":6,"type":"binary-expr","locations":[{"start":{"line":6,"column":11},"end":{"line":6,"column":16}},{"start":{"line":6,"column":20},"end":{"line":6,"column":21}},{"start":{"line":6,"column":25},"end":{"line":6,"column":62}}]},"11":{"line":8,"type":"binary-expr","locations":[{"start":{"line":8,"column":18},"end":{"line":8,"column":22}},{"start":{"line":8,"column":26},"end":{"line":8,"column":41}},{"start":{"line":8,"column":46},"end":{"line":10,"column":1}}]},"12":{"line":9,"type":"if","locations":[{"start":{"line":9,"column":4},"end":{"line":9,"column":4}},{"start":{"line":9,"column":4},"end":{"line":9,"column":4}}]},"13":{"line":9,"type":"binary-expr","locations":[{"start":{"line":9,"column":8},"end":{"line":9,"column":35}},{"start":{"line":9,"column":39},"end":{"line":9,"column":77}}]},"14":{"line":31,"type":"if","locations":[{"start":{"line":31,"column":8},"end":{"line":31,"column":8}},{"start":{"line":31,"column":8},"end":{"line":31,"column":8}}]},"15":{"line":35,"type":"if","locations":[{"start":{"line":35,"column":12},"end":{"line":35,"column":12}},{"start":{"line":35,"column":12},"end":{"line":35,"column":12}}]},"16":{"line":35,"type":"binary-expr","locations":[{"start":{"line":35,"column":16},"end":{"line":35,"column":40}},{"start":{"line":35,"column":44},"end":{"line":35,"column":68}}]}},"l":{"2":1,"3":1,"4":1,"5":2,"6":1,"8":1,"9":1,"11":1,"12":1,"13":1,"14":2,"15":1,"17":1,"19":1,"21":1,"24":1,"25":0,"30":1,"31":0,"32":0,"33":0,"34":0,"35":0,"36":0,"39":0,"40":0,"41":0,"43":0,"47":1,"48":1,"49":1,"50":1,"51":7,"52":7,"53":7,"55":1,"58":1,"60":1,"69":1}}}
